<?xml version="1.0" encoding="UTF-8"?>
<testsuite name="PrimeCalculatorTest" tests="5" skipped="0" failures="0" errors="0" timestamp="2024-04-28T16:30:14" hostname="TANYA" time="0.101">
  <properties/>
  <testcase name="testUndefinedPrime()" classname="PrimeCalculatorTest" time="0.052"/>
  <testcase name="testSixthPrime()" classname="PrimeCalculatorTest" time="0.019"/>
  <testcase name="testFirstPrime()" classname="PrimeCalculatorTest" time="0.007"/>
  <testcase name="testSecondPrime()" classname="PrimeCalculatorTest" time="0.011"/>
  <testcase name="testBigPrime()" classname="PrimeCalculatorTest" time="0.005"/>
  <system-out><![CDATA[]]></system-out>
  <system-err><![CDATA[]]></system-err>
</testsuite>
