<?xml version="1.0" encoding="UTF-8"?>
<testsuite name="TwoferTest" tests="3" skipped="0" failures="0" errors="0" timestamp="2024-04-16T10:49:56" hostname="TANYA" time="0.065">
  <properties/>
  <testcase name="noNameGiven()" classname="TwoferTest" time="0.056"/>
  <testcase name="aNameGiven()" classname="TwoferTest" time="0.005"/>
  <testcase name="anotherNameGiven()" classname="TwoferTest" time="0.002"/>
  <system-out><![CDATA[]]></system-out>
  <system-err><![CDATA[]]></system-err>
</testsuite>
