<?xml version="1.0" encoding="UTF-8"?>
<testsuite name="ResistorColorTest" tests="4" skipped="0" failures="0" errors="0" timestamp="2024-04-16T11:47:15" hostname="TANYA" time="0.094">
  <properties/>
  <testcase name="testWhiteColorCode()" classname="ResistorColorTest" time="0.058"/>
  <testcase name="testColors()" classname="ResistorColorTest" time="0.018"/>
  <testcase name="testBlackColorCode()" classname="ResistorColorTest" time="0.004"/>
  <testcase name="testOrangeColorCode()" classname="ResistorColorTest" time="0.005"/>
  <system-out><![CDATA[]]></system-out>
  <system-err><![CDATA[]]></system-err>
</testsuite>
